This file contains any messages produced by compilers while
running configure, to aid debugging if configure makes a mistake.

It was created by agent2d configure 3.1.1, which was
generated by GNU Autoconf 2.69.  Invocation command line was

  $ ./configure --with-librcsc=/home/pro076/rc/rclib CXX=icpc CC=icc --no-create --no-recursion

## --------- ##
## Platform. ##
## --------- ##

hostname = pearcey-login
uname -m = x86_64
uname -r = 4.4.140-94.42-default
uname -s = Linux
uname -v = #1 SMP Tue Jul 17 07:44:50 UTC 2018 (0b375e4)

/usr/bin/uname -p = x86_64
/bin/uname -X     = unknown

/bin/arch              = x86_64
/usr/bin/arch -k       = unknown
/usr/convex/getsysinfo = unknown
/usr/bin/hostinfo      = unknown
/bin/machine           = unknown
/usr/bin/oslevel       = unknown
/bin/universe          = unknown

PATH: /home/pro076/bin
PATH: /apps/htop/2.0.2/bin
PATH: /apps/nano/3.1.0/bin
PATH: /apps/boost/1.61.0/bin
PATH: /apps/intel/fc/15.0.6.233/bin/intel64
PATH: /apps/intel/cc/15.0.6.233/bin/intel64
PATH: /apps/scutils/bin
PATH: /cm/shared/apps/slurm/17.11.8/bin
PATH: /cm/shared/apps/torque/6.1.1/bin
PATH: /cm/shared/apps/torque/6.1.1/sbin
PATH: /cm/local/apps/environment-modules/4.0.0//bin
PATH: /usr/lpp/mmfs/bin
PATH: /usr/local/bin
PATH: /usr/bin
PATH: /bin
PATH: /usr/bin/X11
PATH: /usr/games
PATH: /opt/ibutils/bin
PATH: /usr/lib/mit/bin
PATH: /usr/lib/mit/sbin
PATH: /sbin
PATH: /usr/sbin
PATH: /cm/local/apps/environment-modules/4.0.0/bin


## ----------- ##
## Core tests. ##
## ----------- ##

configure:2311: checking for a BSD-compatible install
configure:2379: result: /usr/bin/install -c
configure:2390: checking whether build environment is sane
configure:2440: result: yes
configure:2581: checking for a thread-safe mkdir -p
configure:2620: result: /usr/bin/mkdir -p
configure:2633: checking for gawk
configure:2649: found /usr/bin/gawk
configure:2660: result: gawk
configure:2671: checking whether make sets $(MAKE)
configure:2693: result: yes
configure:2895: checking for C++ compiler version
configure:2904: icpc --version >&5
icpc (ICC) 15.0.6 20151119
Copyright (C) 1985-2015 Intel Corporation.  All rights reserved.

configure:2915: $? = 0
configure:2904: icpc -v >&5
icpc version 15.0.6 (gcc version 4.8.0 compatibility)
configure:2915: $? = 0
configure:2904: icpc -V >&5
Intel(R) C++ Intel(R) 64 Compiler XE for applications running on Intel(R) 64, Version 15.0.6.233 Build 20151119
Copyright (C) 1985-2015 Intel Corporation.  All rights reserved.

configure:2915: $? = 0
configure:2904: icpc -qversion >&5
icpc: command line warning #10006: ignoring unknown option '-qversion'
icpc: command line error: no files specified; for help type "icpc -help"
configure:2915: $? = 1
configure:2935: checking whether the C++ compiler works
configure:2957: icpc    conftest.cpp  >&5
configure:2961: $? = 0
configure:3009: result: yes
configure:3012: checking for C++ compiler default output file name
configure:3014: result: a.out
configure:3020: checking for suffix of executables
configure:3027: icpc -o conftest    conftest.cpp  >&5
configure:3031: $? = 0
configure:3053: result: 
configure:3075: checking whether we are cross compiling
configure:3083: icpc -o conftest    conftest.cpp  >&5
configure:3087: $? = 0
configure:3094: ./conftest
configure:3098: $? = 0
configure:3113: result: no
configure:3118: checking for suffix of object files
configure:3140: icpc -c   conftest.cpp >&5
configure:3144: $? = 0
configure:3165: result: o
configure:3169: checking whether we are using the GNU C++ compiler
configure:3188: icpc -c   conftest.cpp >&5
configure:3188: $? = 0
configure:3197: result: yes
configure:3206: checking whether icpc accepts -g
configure:3226: icpc -c -g  conftest.cpp >&5
configure:3226: $? = 0
configure:3267: result: yes
configure:3301: checking for style of include used by make
configure:3329: result: GNU
configure:3354: checking dependency style of icpc
configure:3464: result: gcc3
configure:3527: checking for gcc
configure:3554: result: icc
configure:3783: checking for C compiler version
configure:3792: icc --version >&5
icc (ICC) 15.0.6 20151119
Copyright (C) 1985-2015 Intel Corporation.  All rights reserved.

configure:3803: $? = 0
configure:3792: icc -v >&5
icc version 15.0.6 (gcc version 4.8.0 compatibility)
configure:3803: $? = 0
configure:3792: icc -V >&5
Intel(R) C Intel(R) 64 Compiler XE for applications running on Intel(R) 64, Version 15.0.6.233 Build 20151119
Copyright (C) 1985-2015 Intel Corporation.  All rights reserved.

configure:3803: $? = 0
configure:3792: icc -qversion >&5
icc: command line warning #10006: ignoring unknown option '-qversion'
icc: command line error: no files specified; for help type "icc -help"
configure:3803: $? = 1
configure:3807: checking whether we are using the GNU C compiler
configure:3826: icc -c   conftest.c >&5
configure:3826: $? = 0
configure:3835: result: yes
configure:3844: checking whether icc accepts -g
configure:3864: icc -c -g  conftest.c >&5
configure:3864: $? = 0
configure:3905: result: yes
configure:3922: checking for icc option to accept ISO C89
configure:3985: icc  -c -g -O2  conftest.c >&5
configure:3985: $? = 0
configure:3998: result: none needed
configure:4020: checking dependency style of icc
configure:4130: result: gcc3
configure:4188: checking for ranlib
configure:4204: found /usr/bin/ranlib
configure:4215: result: ranlib
configure:4237: checking whether ln -s works
configure:4241: result: yes
configure:4300: checking for boostlib >= 1.32.0
configure:4360: icpc -c -g -O2   conftest.cpp >&5
configure:4360: $? = 0
configure:4362: result: yes
configure:4536: checking for cos in -lm
configure:4561: icpc -o conftest -g -O2   -I/home/pro076/rc/rclib/include   -L/home/pro076/rc/rclib/lib conftest.cpp -lm   >&5
configure:4561: $? = 0
configure:4570: result: yes
configure:4578: checking for deflate in -lz
configure:4603: icpc -o conftest -g -O2   -I/home/pro076/rc/rclib/include   -L/home/pro076/rc/rclib/lib conftest.cpp -lz  -lm  >&5
configure:4603: $? = 0
configure:4612: result: yes
configure:4624: checking for main in -lrcsc_geom
configure:4643: icpc -o conftest -g -O2   -I/home/pro076/rc/rclib/include   -L/home/pro076/rc/rclib/lib conftest.cpp -lrcsc_geom  -lz -lm  >&5
configure:4643: $? = 0
configure:4652: result: yes
configure:4660: checking for main in -lrcsc_rcg
configure:4679: icpc -o conftest -g -O2   -I/home/pro076/rc/rclib/include   -L/home/pro076/rc/rclib/lib conftest.cpp -lrcsc_rcg  -lrcsc_geom -lz -lm  >&5
configure:4679: $? = 0
configure:4688: result: yes
configure:4697: checking for main in -lrcsc_gz
configure:4716: icpc -o conftest -g -O2   -I/home/pro076/rc/rclib/include   -L/home/pro076/rc/rclib/lib conftest.cpp -lrcsc_gz  -lrcsc_rcg -lrcsc_geom -lz -lm  >&5
configure:4716: $? = 0
configure:4725: result: yes
configure:4736: checking for main in -lrcsc_param
configure:4755: icpc -o conftest -g -O2   -I/home/pro076/rc/rclib/include   -L/home/pro076/rc/rclib/lib conftest.cpp -lrcsc_param  -lrcsc_gz -lrcsc_rcg -lrcsc_geom -lz -lm  >&5
configure:4755: $? = 0
configure:4764: result: yes
configure:4772: checking for main in -lrcsc_time
configure:4791: icpc -o conftest -g -O2   -I/home/pro076/rc/rclib/include   -L/home/pro076/rc/rclib/lib conftest.cpp -lrcsc_time  -lrcsc_param -lrcsc_gz -lrcsc_rcg -lrcsc_geom -lz -lm  >&5
configure:4791: $? = 0
configure:4800: result: yes
configure:4808: checking for main in -lrcsc_net
configure:4827: icpc -o conftest -g -O2   -I/home/pro076/rc/rclib/include   -L/home/pro076/rc/rclib/lib conftest.cpp -lrcsc_net  -lrcsc_time -lrcsc_param -lrcsc_gz -lrcsc_rcg -lrcsc_geom -lz -lm  >&5
configure:4827: $? = 0
configure:4836: result: yes
configure:4844: checking for main in -lrcsc_ann
configure:4863: icpc -o conftest -g -O2   -I/home/pro076/rc/rclib/include   -L/home/pro076/rc/rclib/lib conftest.cpp -lrcsc_ann  -lrcsc_net -lrcsc_time -lrcsc_param -lrcsc_gz -lrcsc_rcg -lrcsc_geom -lz -lm  >&5
configure:4863: $? = 0
configure:4872: result: yes
configure:4880: checking for main in -lrcsc_agent
configure:4899: icpc -o conftest -g -O2   -I/home/pro076/rc/rclib/include   -L/home/pro076/rc/rclib/lib conftest.cpp -lrcsc_agent  -lrcsc_ann -lrcsc_net -lrcsc_time -lrcsc_param -lrcsc_gz -lrcsc_rcg -lrcsc_geom -lz -lm  >&5
configure:4899: $? = 0
configure:4908: result: yes
configure:4924: checking how to run the C++ preprocessor
configure:4951: icpc -E   -I/home/pro076/rc/rclib/include conftest.cpp
configure:4951: $? = 0
configure:4965: icpc -E   -I/home/pro076/rc/rclib/include conftest.cpp
conftest.cpp(14): error #2379: cannot open source file "ac_nonexistent.h"
  #include <ac_nonexistent.h>
                             ^

configure:4965: $? = 2
configure: failed program was:
| /* confdefs.h */
| #define PACKAGE_NAME "agent2d"
| #define PACKAGE_TARNAME "agent2d"
| #define PACKAGE_VERSION "3.1.1"
| #define PACKAGE_STRING "agent2d 3.1.1"
| #define PACKAGE_BUGREPORT "akky@users.sourceforge.jp"
| #define PACKAGE_URL ""
| #define PACKAGE "agent2d"
| #define VERSION "3.1.1"
| #define HAVE_BOOST /**/
| #define HAVE_LIBZ 1
| #define HAVE_LIBRCSC_GZ 1
| /* end confdefs.h.  */
| #include <ac_nonexistent.h>
configure:4990: result: icpc -E
configure:5010: icpc -E   -I/home/pro076/rc/rclib/include conftest.cpp
configure:5010: $? = 0
configure:5024: icpc -E   -I/home/pro076/rc/rclib/include conftest.cpp
conftest.cpp(14): error #2379: cannot open source file "ac_nonexistent.h"
  #include <ac_nonexistent.h>
                             ^

configure:5024: $? = 2
configure: failed program was:
| /* confdefs.h */
| #define PACKAGE_NAME "agent2d"
| #define PACKAGE_TARNAME "agent2d"
| #define PACKAGE_VERSION "3.1.1"
| #define PACKAGE_STRING "agent2d 3.1.1"
| #define PACKAGE_BUGREPORT "akky@users.sourceforge.jp"
| #define PACKAGE_URL ""
| #define PACKAGE "agent2d"
| #define VERSION "3.1.1"
| #define HAVE_BOOST /**/
| #define HAVE_LIBZ 1
| #define HAVE_LIBRCSC_GZ 1
| /* end confdefs.h.  */
| #include <ac_nonexistent.h>
configure:5053: checking for grep that handles long lines and -e
configure:5111: result: /usr/bin/grep
configure:5116: checking for egrep
configure:5178: result: /usr/bin/grep -E
configure:5183: checking for ANSI C header files
configure:5203: icpc -c -g -O2   -I/home/pro076/rc/rclib/include conftest.cpp >&5
configure:5203: $? = 0
configure:5276: icpc -o conftest -g -O2   -I/home/pro076/rc/rclib/include   -L/home/pro076/rc/rclib/lib conftest.cpp -lrcsc_agent -lrcsc_ann -lrcsc_net -lrcsc_time -lrcsc_param -lrcsc_gz -lrcsc_rcg -lrcsc_geom -lz -lm  >&5
configure:5276: $? = 0
configure:5276: ./conftest
./conftest: error while loading shared libraries: librcsc_agent.so.7: cannot open shared object file: No such file or directory
configure:5276: $? = 127
configure: program exited with status 127
configure: failed program was:
| /* confdefs.h */
| #define PACKAGE_NAME "agent2d"
| #define PACKAGE_TARNAME "agent2d"
| #define PACKAGE_VERSION "3.1.1"
| #define PACKAGE_STRING "agent2d 3.1.1"
| #define PACKAGE_BUGREPORT "akky@users.sourceforge.jp"
| #define PACKAGE_URL ""
| #define PACKAGE "agent2d"
| #define VERSION "3.1.1"
| #define HAVE_BOOST /**/
| #define HAVE_LIBZ 1
| #define HAVE_LIBRCSC_GZ 1
| /* end confdefs.h.  */
| #include <ctype.h>
| #include <stdlib.h>
| #if ((' ' & 0x0FF) == 0x020)
| # define ISLOWER(c) ('a' <= (c) && (c) <= 'z')
| # define TOUPPER(c) (ISLOWER(c) ? 'A' + ((c) - 'a') : (c))
| #else
| # define ISLOWER(c) 		   (('a' <= (c) && (c) <= 'i') 		     || ('j' <= (c) && (c) <= 'r') 		     || ('s' <= (c) && (c) <= 'z'))
| # define TOUPPER(c) (ISLOWER(c) ? ((c) | 0x40) : (c))
| #endif
| 
| #define XOR(e, f) (((e) && !(f)) || (!(e) && (f)))
| int
| main ()
| {
|   int i;
|   for (i = 0; i < 256; i++)
|     if (XOR (islower (i), ISLOWER (i))
| 	|| toupper (i) != TOUPPER (i))
|       return 2;
|   return 0;
| }
configure:5287: result: no
configure:5300: checking for sys/types.h
configure:5300: icpc -c -g -O2   -I/home/pro076/rc/rclib/include conftest.cpp >&5
configure:5300: $? = 0
configure:5300: result: yes
configure:5300: checking for sys/stat.h
configure:5300: icpc -c -g -O2   -I/home/pro076/rc/rclib/include conftest.cpp >&5
configure:5300: $? = 0
configure:5300: result: yes
configure:5300: checking for stdlib.h
configure:5300: icpc -c -g -O2   -I/home/pro076/rc/rclib/include conftest.cpp >&5
configure:5300: $? = 0
configure:5300: result: yes
configure:5300: checking for string.h
configure:5300: icpc -c -g -O2   -I/home/pro076/rc/rclib/include conftest.cpp >&5
configure:5300: $? = 0
configure:5300: result: yes
configure:5300: checking for memory.h
configure:5300: icpc -c -g -O2   -I/home/pro076/rc/rclib/include conftest.cpp >&5
configure:5300: $? = 0
configure:5300: result: yes
configure:5300: checking for strings.h
configure:5300: icpc -c -g -O2   -I/home/pro076/rc/rclib/include conftest.cpp >&5
configure:5300: $? = 0
configure:5300: result: yes
configure:5300: checking for inttypes.h
configure:5300: icpc -c -g -O2   -I/home/pro076/rc/rclib/include conftest.cpp >&5
configure:5300: $? = 0
configure:5300: result: yes
configure:5300: checking for stdint.h
configure:5300: icpc -c -g -O2   -I/home/pro076/rc/rclib/include conftest.cpp >&5
configure:5300: $? = 0
configure:5300: result: yes
configure:5300: checking for unistd.h
configure:5300: icpc -c -g -O2   -I/home/pro076/rc/rclib/include conftest.cpp >&5
configure:5300: $? = 0
configure:5300: result: yes
configure:5314: checking rcsc/types.h usability
configure:5314: icpc -c -g -O2   -I/home/pro076/rc/rclib/include conftest.cpp >&5
configure:5314: $? = 0
configure:5314: result: yes
configure:5314: checking rcsc/types.h presence
configure:5314: icpc -E   -I/home/pro076/rc/rclib/include conftest.cpp
configure:5314: $? = 0
configure:5314: result: yes
configure:5314: checking for rcsc/types.h
configure:5314: result: yes
configure:5327: checking for stdbool.h that conforms to C99
configure:5394: icpc -c -g -O2   -I/home/pro076/rc/rclib/include conftest.cpp >&5
configure:5394: $? = 0
configure:5401: result: yes
configure:5403: checking for _Bool
configure:5403: icpc -c -g -O2   -I/home/pro076/rc/rclib/include conftest.cpp >&5
conftest.cpp(60): error: identifier "_Bool" is undefined
  if (sizeof (_Bool))
              ^

compilation aborted for conftest.cpp (code 2)
configure:5403: $? = 2
configure: failed program was:
| /* confdefs.h */
| #define PACKAGE_NAME "agent2d"
| #define PACKAGE_TARNAME "agent2d"
| #define PACKAGE_VERSION "3.1.1"
| #define PACKAGE_STRING "agent2d 3.1.1"
| #define PACKAGE_BUGREPORT "akky@users.sourceforge.jp"
| #define PACKAGE_URL ""
| #define PACKAGE "agent2d"
| #define VERSION "3.1.1"
| #define HAVE_BOOST /**/
| #define HAVE_LIBZ 1
| #define HAVE_LIBRCSC_GZ 1
| #define HAVE_SYS_TYPES_H 1
| #define HAVE_SYS_STAT_H 1
| #define HAVE_STDLIB_H 1
| #define HAVE_STRING_H 1
| #define HAVE_MEMORY_H 1
| #define HAVE_STRINGS_H 1
| #define HAVE_INTTYPES_H 1
| #define HAVE_STDINT_H 1
| #define HAVE_UNISTD_H 1
| #define HAVE_RCSC_TYPES_H 1
| /* end confdefs.h.  */
| #include <stdio.h>
| #ifdef HAVE_SYS_TYPES_H
| # include <sys/types.h>
| #endif
| #ifdef HAVE_SYS_STAT_H
| # include <sys/stat.h>
| #endif
| #ifdef STDC_HEADERS
| # include <stdlib.h>
| # include <stddef.h>
| #else
| # ifdef HAVE_STDLIB_H
| #  include <stdlib.h>
| # endif
| #endif
| #ifdef HAVE_STRING_H
| # if !defined STDC_HEADERS && defined HAVE_MEMORY_H
| #  include <memory.h>
| # endif
| # include <string.h>
| #endif
| #ifdef HAVE_STRINGS_H
| # include <strings.h>
| #endif
| #ifdef HAVE_INTTYPES_H
| # include <inttypes.h>
| #endif
| #ifdef HAVE_STDINT_H
| # include <stdint.h>
| #endif
| #ifdef HAVE_UNISTD_H
| # include <unistd.h>
| #endif
| int
| main ()
| {
| if (sizeof (_Bool))
| 	 return 0;
|   ;
|   return 0;
| }
configure:5403: result: no
configure:5420: checking for an ANSI C-conforming const
configure:5486: icpc -c -g -O2   -I/home/pro076/rc/rclib/include conftest.cpp >&5
configure:5486: $? = 0
configure:5493: result: yes
configure:5501: checking for inline
configure:5517: icpc -c -g -O2   -I/home/pro076/rc/rclib/include conftest.cpp >&5
configure:5517: $? = 0
configure:5525: result: inline
configure:5543: checking for size_t
configure:5543: icpc -c -g -O2   -I/home/pro076/rc/rclib/include conftest.cpp >&5
configure:5543: $? = 0
configure:5543: icpc -c -g -O2   -I/home/pro076/rc/rclib/include conftest.cpp >&5
conftest.cpp(61): error: expected an expression
  if (sizeof ((size_t)))
                      ^

compilation aborted for conftest.cpp (code 2)
configure:5543: $? = 2
configure: failed program was:
| /* confdefs.h */
| #define PACKAGE_NAME "agent2d"
| #define PACKAGE_TARNAME "agent2d"
| #define PACKAGE_VERSION "3.1.1"
| #define PACKAGE_STRING "agent2d 3.1.1"
| #define PACKAGE_BUGREPORT "akky@users.sourceforge.jp"
| #define PACKAGE_URL ""
| #define PACKAGE "agent2d"
| #define VERSION "3.1.1"
| #define HAVE_BOOST /**/
| #define HAVE_LIBZ 1
| #define HAVE_LIBRCSC_GZ 1
| #define HAVE_SYS_TYPES_H 1
| #define HAVE_SYS_STAT_H 1
| #define HAVE_STDLIB_H 1
| #define HAVE_STRING_H 1
| #define HAVE_MEMORY_H 1
| #define HAVE_STRINGS_H 1
| #define HAVE_INTTYPES_H 1
| #define HAVE_STDINT_H 1
| #define HAVE_UNISTD_H 1
| #define HAVE_RCSC_TYPES_H 1
| #define HAVE_STDBOOL_H 1
| /* end confdefs.h.  */
| #include <stdio.h>
| #ifdef HAVE_SYS_TYPES_H
| # include <sys/types.h>
| #endif
| #ifdef HAVE_SYS_STAT_H
| # include <sys/stat.h>
| #endif
| #ifdef STDC_HEADERS
| # include <stdlib.h>
| # include <stddef.h>
| #else
| # ifdef HAVE_STDLIB_H
| #  include <stdlib.h>
| # endif
| #endif
| #ifdef HAVE_STRING_H
| # if !defined STDC_HEADERS && defined HAVE_MEMORY_H
| #  include <memory.h>
| # endif
| # include <string.h>
| #endif
| #ifdef HAVE_STRINGS_H
| # include <strings.h>
| #endif
| #ifdef HAVE_INTTYPES_H
| # include <inttypes.h>
| #endif
| #ifdef HAVE_STDINT_H
| # include <stdint.h>
| #endif
| #ifdef HAVE_UNISTD_H
| # include <unistd.h>
| #endif
| int
| main ()
| {
| if (sizeof ((size_t)))
| 	    return 0;
|   ;
|   return 0;
| }
configure:5543: result: yes
configure:5554: checking whether time.h and sys/time.h may both be included
configure:5574: icpc -c -g -O2   -I/home/pro076/rc/rclib/include conftest.cpp >&5
configure:5574: $? = 0
configure:5581: result: yes
configure:5606: checking for ANSI C header files
configure:5710: result: no
configure:5721: checking for floor
configure:5721: icpc -o conftest -g -O2   -I/home/pro076/rc/rclib/include   -L/home/pro076/rc/rclib/lib conftest.cpp -lrcsc_agent -lrcsc_ann -lrcsc_net -lrcsc_time -lrcsc_param -lrcsc_gz -lrcsc_rcg -lrcsc_geom -lz -lm  >&5
configure:5721: $? = 0
configure:5721: result: yes
configure:5721: checking for pow
configure:5721: icpc -o conftest -g -O2   -I/home/pro076/rc/rclib/include   -L/home/pro076/rc/rclib/lib conftest.cpp -lrcsc_agent -lrcsc_ann -lrcsc_net -lrcsc_time -lrcsc_param -lrcsc_gz -lrcsc_rcg -lrcsc_geom -lz -lm  >&5
configure:5721: $? = 0
configure:5721: result: yes
configure:5721: checking for sqrt
configure:5721: icpc -o conftest -g -O2   -I/home/pro076/rc/rclib/include   -L/home/pro076/rc/rclib/lib conftest.cpp -lrcsc_agent -lrcsc_ann -lrcsc_net -lrcsc_time -lrcsc_param -lrcsc_gz -lrcsc_rcg -lrcsc_geom -lz -lm  >&5
configure:5721: $? = 0
configure:5721: result: yes
configure:5721: checking for strerror
configure:5721: icpc -o conftest -g -O2   -I/home/pro076/rc/rclib/include   -L/home/pro076/rc/rclib/lib conftest.cpp -lrcsc_agent -lrcsc_ann -lrcsc_net -lrcsc_time -lrcsc_param -lrcsc_gz -lrcsc_rcg -lrcsc_geom -lz -lm  >&5
configure:5721: $? = 0
configure:5721: result: yes
configure:5867: creating ./config.status

## ---------------- ##
## Cache variables. ##
## ---------------- ##

ac_cv_c_compiler_gnu=yes
ac_cv_c_const=yes
ac_cv_c_inline=inline
ac_cv_cxx_compiler_gnu=yes
ac_cv_env_CCC_set=
ac_cv_env_CCC_value=
ac_cv_env_CC_set=set
ac_cv_env_CC_value=icc
ac_cv_env_CFLAGS_set=
ac_cv_env_CFLAGS_value=
ac_cv_env_CPPFLAGS_set=
ac_cv_env_CPPFLAGS_value=
ac_cv_env_CXXCPP_set=
ac_cv_env_CXXCPP_value=
ac_cv_env_CXXFLAGS_set=
ac_cv_env_CXXFLAGS_value=
ac_cv_env_CXX_set=set
ac_cv_env_CXX_value=icpc
ac_cv_env_LDFLAGS_set=
ac_cv_env_LDFLAGS_value=
ac_cv_env_LIBS_set=
ac_cv_env_LIBS_value=
ac_cv_env_build_alias_set=
ac_cv_env_build_alias_value=
ac_cv_env_host_alias_set=
ac_cv_env_host_alias_value=
ac_cv_env_target_alias_set=
ac_cv_env_target_alias_value=
ac_cv_func_floor=yes
ac_cv_func_pow=yes
ac_cv_func_sqrt=yes
ac_cv_func_strerror=yes
ac_cv_header_inttypes_h=yes
ac_cv_header_memory_h=yes
ac_cv_header_rcsc_types_h=yes
ac_cv_header_stdbool_h=yes
ac_cv_header_stdc=no
ac_cv_header_stdint_h=yes
ac_cv_header_stdlib_h=yes
ac_cv_header_string_h=yes
ac_cv_header_strings_h=yes
ac_cv_header_sys_stat_h=yes
ac_cv_header_sys_types_h=yes
ac_cv_header_time=yes
ac_cv_header_unistd_h=yes
ac_cv_lib_m_cos=yes
ac_cv_lib_rcsc_agent_main=yes
ac_cv_lib_rcsc_ann_main=yes
ac_cv_lib_rcsc_geom_main=yes
ac_cv_lib_rcsc_gz_main=yes
ac_cv_lib_rcsc_net_main=yes
ac_cv_lib_rcsc_param_main=yes
ac_cv_lib_rcsc_rcg_main=yes
ac_cv_lib_rcsc_time_main=yes
ac_cv_lib_z_deflate=yes
ac_cv_objext=o
ac_cv_path_EGREP='/usr/bin/grep -E'
ac_cv_path_GREP=/usr/bin/grep
ac_cv_path_install='/usr/bin/install -c'
ac_cv_path_mkdir=/usr/bin/mkdir
ac_cv_prog_AWK=gawk
ac_cv_prog_CXXCPP='icpc -E'
ac_cv_prog_ac_ct_CC=icc
ac_cv_prog_ac_ct_RANLIB=ranlib
ac_cv_prog_cc_c89=
ac_cv_prog_cc_g=yes
ac_cv_prog_cxx_g=yes
ac_cv_prog_make_make_set=yes
ac_cv_type__Bool=no
ac_cv_type_size_t=yes
am_cv_CC_dependencies_compiler_type=gcc3
am_cv_CXX_dependencies_compiler_type=gcc3

## ----------------- ##
## Output variables. ##
## ----------------- ##

ACLOCAL='${SHELL} /home/pro076/rc/teams/main/G2d/g26/config/missing --run aclocal-1.11'
AMDEPBACKSLASH='\'
AMDEP_FALSE='#'
AMDEP_TRUE=''
AMTAR='${SHELL} /home/pro076/rc/teams/main/G2d/g26/config/missing --run tar'
AUTOCONF='${SHELL} /home/pro076/rc/teams/main/G2d/g26/config/missing --run autoconf'
AUTOHEADER='${SHELL} /home/pro076/rc/teams/main/G2d/g26/config/missing --run autoheader'
AUTOMAKE='${SHELL} /home/pro076/rc/teams/main/G2d/g26/config/missing --run automake-1.11'
AWK='gawk'
BOOST_CPPFLAGS=''
BOOST_LDFLAGS=''
CC='icc'
CCDEPMODE='depmode=gcc3'
CFLAGS='-g -O2'
CPPFLAGS='  -I/home/pro076/rc/rclib/include'
CXX='icpc'
CXXCPP='icpc -E'
CXXDEPMODE='depmode=gcc3'
CXXFLAGS='-g -O2'
CYGPATH_W='echo'
DEFS='-DHAVE_CONFIG_H'
DEPDIR='.deps'
ECHO_C=''
ECHO_N='-n'
ECHO_T=''
EGREP='/usr/bin/grep -E'
EXEEXT=''
GREP='/usr/bin/grep'
INSTALL_DATA='${INSTALL} -m 644'
INSTALL_PROGRAM='${INSTALL}'
INSTALL_SCRIPT='${INSTALL}'
INSTALL_STRIP_PROGRAM='$(install_sh) -c -s'
LDFLAGS='  -L/home/pro076/rc/rclib/lib'
LIBOBJS=''
LIBRCSCLIB='/home/pro076/rc/rclib/lib'
LIBS='-lrcsc_agent -lrcsc_ann -lrcsc_net -lrcsc_time -lrcsc_param -lrcsc_gz -lrcsc_rcg -lrcsc_geom -lz -lm '
LN_S='ln -s'
LTLIBOBJS=''
MAKEINFO='${SHELL} /home/pro076/rc/teams/main/G2d/g26/config/missing --run makeinfo'
MKDIR_P='/usr/bin/mkdir -p'
OBJEXT='o'
PACKAGE='agent2d'
PACKAGE_BUGREPORT='akky@users.sourceforge.jp'
PACKAGE_NAME='agent2d'
PACKAGE_STRING='agent2d 3.1.1'
PACKAGE_TARNAME='agent2d'
PACKAGE_URL=''
PACKAGE_VERSION='3.1.1'
PATH_SEPARATOR=':'
RANLIB='ranlib'
SET_MAKE=''
SHELL='/bin/sh'
STRIP=''
VERSION='3.1.1'
ac_ct_CC='icc'
ac_ct_CXX=''
am__EXEEXT_FALSE=''
am__EXEEXT_TRUE='#'
am__fastdepCC_FALSE='#'
am__fastdepCC_TRUE=''
am__fastdepCXX_FALSE='#'
am__fastdepCXX_TRUE=''
am__include='include'
am__isrc=''
am__leading_dot='.'
am__quote=''
am__tar='${AMTAR} chof - "$$tardir"'
am__untar='${AMTAR} xf -'
bindir='${exec_prefix}/bin'
build_alias=''
datadir='${datarootdir}'
datarootdir='${prefix}/share'
docdir='${datarootdir}/doc/${PACKAGE_TARNAME}'
dvidir='${docdir}'
exec_prefix='${prefix}'
host_alias=''
htmldir='${docdir}'
includedir='${prefix}/include'
infodir='${datarootdir}/info'
install_sh='${SHELL} /home/pro076/rc/teams/main/G2d/g26/config/install-sh'
libdir='${exec_prefix}/lib'
libexecdir='${exec_prefix}/libexec'
localedir='${datarootdir}/locale'
localstatedir='${prefix}/var'
mandir='${datarootdir}/man'
mkdir_p='/usr/bin/mkdir -p'
oldincludedir='/usr/include'
pdfdir='${docdir}'
prefix='/usr/local'
program_transform_name='s,x,x,'
psdir='${docdir}'
sbindir='${exec_prefix}/sbin'
sharedstatedir='${prefix}/com'
sysconfdir='${prefix}/etc'
target_alias=''

## ----------- ##
## confdefs.h. ##
## ----------- ##

/* confdefs.h */
#define PACKAGE_NAME "agent2d"
#define PACKAGE_TARNAME "agent2d"
#define PACKAGE_VERSION "3.1.1"
#define PACKAGE_STRING "agent2d 3.1.1"
#define PACKAGE_BUGREPORT "akky@users.sourceforge.jp"
#define PACKAGE_URL ""
#define PACKAGE "agent2d"
#define VERSION "3.1.1"
#define HAVE_BOOST /**/
#define HAVE_LIBZ 1
#define HAVE_LIBRCSC_GZ 1
#define HAVE_SYS_TYPES_H 1
#define HAVE_SYS_STAT_H 1
#define HAVE_STDLIB_H 1
#define HAVE_STRING_H 1
#define HAVE_MEMORY_H 1
#define HAVE_STRINGS_H 1
#define HAVE_INTTYPES_H 1
#define HAVE_STDINT_H 1
#define HAVE_UNISTD_H 1
#define HAVE_RCSC_TYPES_H 1
#define HAVE_STDBOOL_H 1
#define TIME_WITH_SYS_TIME 1
#define HAVE_FLOOR 1
#define HAVE_POW 1
#define HAVE_SQRT 1
#define HAVE_STRERROR 1

configure: exit 0

## ---------------------- ##
## Running config.status. ##
## ---------------------- ##

This file was extended by agent2d config.status 3.1.1, which was
generated by GNU Autoconf 2.69.  Invocation command line was

  CONFIG_FILES    = 
  CONFIG_HEADERS  = 
  CONFIG_LINKS    = 
  CONFIG_COMMANDS = 
  $ ./config.status 

on pearcey-login

config.status:871: creating Makefile
config.status:871: creating src/Makefile
config.status:871: creating src/start.sh
config.status:871: creating src/keepaway.sh
config.status:871: creating src/train.sh
config.status:871: creating config.h
config.status:1052: config.h is unchanged
config.status:1100: executing depfiles commands

## ---------------------- ##
## Running config.status. ##
## ---------------------- ##

This file was extended by agent2d config.status 3.1.1, which was
generated by GNU Autoconf 2.69.  Invocation command line was

  CONFIG_FILES    = 
  CONFIG_HEADERS  = 
  CONFIG_LINKS    = 
  CONFIG_COMMANDS = 
  $ ./config.status config.h

on pearcey-login

config.status:871: creating config.h
config.status:1052: config.h is unchanged
